Analysis & Synthesis report for multicycle
Tue Mar 26 12:28:07 2013
Quartus II 32-bit Version 12.0 Build 263 08/02/2012 Service Pack 2 SJ Web Edition


---------------------
; Table of Contents ;
---------------------
  1. Legal Notice
  2. Analysis & Synthesis Summary
  3. Analysis & Synthesis Settings
  4. Parallel Compilation
  5. Analysis & Synthesis Source Files Read
  6. Analysis & Synthesis Resource Usage Summary
  7. Analysis & Synthesis Resource Utilization by Entity
  8. Analysis & Synthesis RAM Summary
  9. Analysis & Synthesis IP Cores Summary
 10. General Register Statistics
 11. Multiplexer Restructuring Statistics (Restructuring Performed)
 12. Source assignments for memory:DataMem|DataMemory:inst|altsyncram:altsyncram_component|altsyncram_djc1:auto_generated
 13. Parameter Settings for User Entity Instance: FSM:Control
 14. Parameter Settings for User Entity Instance: memory:DataMem|mux2to1:inst3|lpm_mux:lpm_mux_component
 15. Parameter Settings for User Entity Instance: memory:DataMem|DataMemory:inst|altsyncram:altsyncram_component
 16. Parameter Settings for User Entity Instance: registers:IR_reg|lpm_ff:lpm_ff_component
 17. Parameter Settings for User Entity Instance: registers:MDR_reg|lpm_ff:lpm_ff_component
 18. Parameter Settings for User Entity Instance: registers:PC|lpm_ff:lpm_ff_component
 19. Parameter Settings for User Entity Instance: registers:R1|lpm_ff:lpm_ff_component
 20. Parameter Settings for User Entity Instance: registers:R2|lpm_ff:lpm_ff_component
 21. Parameter Settings for User Entity Instance: registers:ALUOut_reg|lpm_ff:lpm_ff_component
 22. Parameter Settings for User Entity Instance: mux2o1s:R1Sel_mux|lpm_mux:lpm_mux_component
 23. Parameter Settings for User Entity Instance: mux2to1:AddrSel_mux|lpm_mux:lpm_mux_component
 24. Parameter Settings for User Entity Instance: mux2to1:MDRSel_mux|lpm_mux:lpm_mux_component
 25. Parameter Settings for User Entity Instance: mux2to1:RegMux|lpm_mux:lpm_mux_component
 26. Parameter Settings for User Entity Instance: mux2to1:ALU1_mux|lpm_mux:lpm_mux_component
 27. Parameter Settings for User Entity Instance: mux5to1:ALU2_mux|lpm_mux:lpm_mux_component
 28. Parameter Settings for User Entity Instance: sExtend:SE4
 29. Parameter Settings for User Entity Instance: zExtend:ZE3
 30. Parameter Settings for User Entity Instance: zExtend:ZE5
 31. altsyncram Parameter Settings by Entity Instance
 32. Port Connectivity Checks: "mux5to1:ALU2_mux"
 33. Port Connectivity Checks: "mux2o1s:R1Sel_mux"
 34. Port Connectivity Checks: "FSM:Control"
 35. Port Connectivity Checks: "HEXs:HEX_display"
 36. Elapsed Time Per Partition
 37. Analysis & Synthesis Messages



----------------
; Legal Notice ;
----------------
Copyright (C) 1991-2012 Altera Corporation
Your use of Altera Corporation's design tools, logic functions 
and other software and tools, and its AMPP partner logic 
functions, and any output files from any of the foregoing 
(including device programming or simulation files), and any 
associated documentation or information are expressly subject 
to the terms and conditions of the Altera Program License 
Subscription Agreement, Altera MegaCore Function License 
Agreement, or other applicable license agreement, including, 
without limitation, that your use is for the sole purpose of 
programming logic devices manufactured by Altera and sold by 
Altera or its authorized distributors.  Please refer to the 
applicable agreement for further details.



+------------------------------------------------------------------------------------+
; Analysis & Synthesis Summary                                                       ;
+------------------------------------+-----------------------------------------------+
; Analysis & Synthesis Status        ; Successful - Tue Mar 26 12:28:07 2013         ;
; Quartus II 32-bit Version          ; 12.0 Build 263 08/02/2012 SP 2 SJ Web Edition ;
; Revision Name                      ; multicycle                                    ;
; Top-level Entity Name              ; multicycle                                    ;
; Family                             ; Cyclone II                                    ;
; Total logic elements               ; 380                                           ;
;     Total combinational functions  ; 339                                           ;
;     Dedicated logic registers      ; 87                                            ;
; Total registers                    ; 87                                            ;
; Total pins                         ; 104                                           ;
; Total virtual pins                 ; 0                                             ;
; Total memory bits                  ; 2,048                                         ;
; Embedded Multiplier 9-bit elements ; 0                                             ;
; Total PLLs                         ; 0                                             ;
+------------------------------------+-----------------------------------------------+


+----------------------------------------------------------------------------------------------------------------------+
; Analysis & Synthesis Settings                                                                                        ;
+----------------------------------------------------------------------------+--------------------+--------------------+
; Option                                                                     ; Setting            ; Default Value      ;
+----------------------------------------------------------------------------+--------------------+--------------------+
; Device                                                                     ; EP2C35F672C6       ;                    ;
; Top-level entity name                                                      ; multicycle         ; multicycle         ;
; Family name                                                                ; Cyclone II         ; Stratix II         ;
; Use smart compilation                                                      ; Off                ; Off                ;
; Enable parallel Assembler and TimeQuest Timing Analyzer during compilation ; On                 ; On                 ;
; Enable compact report table                                                ; Off                ; Off                ;
; Restructure Multiplexers                                                   ; Auto               ; Auto               ;
; Create Debugging Nodes for IP Cores                                        ; Off                ; Off                ;
; Preserve fewer node names                                                  ; On                 ; On                 ;
; Disable OpenCore Plus hardware evaluation                                  ; Off                ; Off                ;
; Verilog Version                                                            ; Verilog_2001       ; Verilog_2001       ;
; VHDL Version                                                               ; VHDL_1993          ; VHDL_1993          ;
; State Machine Processing                                                   ; Auto               ; Auto               ;
; Safe State Machine                                                         ; Off                ; Off                ;
; Extract Verilog State Machines                                             ; On                 ; On                 ;
; Extract VHDL State Machines                                                ; On                 ; On                 ;
; Ignore Verilog initial constructs                                          ; Off                ; Off                ;
; Iteration limit for constant Verilog loops                                 ; 5000               ; 5000               ;
; Iteration limit for non-constant Verilog loops                             ; 250                ; 250                ;
; Add Pass-Through Logic to Inferred RAMs                                    ; On                 ; On                 ;
; Infer RAMs from Raw Logic                                                  ; On                 ; On                 ;
; Parallel Synthesis                                                         ; Off                ; Off                ;
; DSP Block Balancing                                                        ; Auto               ; Auto               ;
; NOT Gate Push-Back                                                         ; On                 ; On                 ;
; Power-Up Don't Care                                                        ; On                 ; On                 ;
; Remove Redundant Logic Cells                                               ; Off                ; Off                ;
; Remove Duplicate Registers                                                 ; On                 ; On                 ;
; Ignore CARRY Buffers                                                       ; Off                ; Off                ;
; Ignore CASCADE Buffers                                                     ; Off                ; Off                ;
; Ignore GLOBAL Buffers                                                      ; Off                ; Off                ;
; Ignore ROW GLOBAL Buffers                                                  ; Off                ; Off                ;
; Ignore LCELL Buffers                                                       ; Off                ; Off                ;
; Ignore SOFT Buffers                                                        ; On                 ; On                 ;
; Limit AHDL Integers to 32 Bits                                             ; Off                ; Off                ;
; Optimization Technique                                                     ; Balanced           ; Balanced           ;
; Carry Chain Length                                                         ; 70                 ; 70                 ;
; Auto Carry Chains                                                          ; On                 ; On                 ;
; Auto Open-Drain Pins                                                       ; On                 ; On                 ;
; Perform WYSIWYG Primitive Resynthesis                                      ; Off                ; Off                ;
; Auto ROM Replacement                                                       ; On                 ; On                 ;
; Auto RAM Replacement                                                       ; On                 ; On                 ;
; Auto Shift Register Replacement                                            ; Auto               ; Auto               ;
; Allow Shift Register Merging across Hierarchies                            ; Auto               ; Auto               ;
; Auto Clock Enable Replacement                                              ; On                 ; On                 ;
; Strict RAM Replacement                                                     ; Off                ; Off                ;
; Allow Synchronous Control Signals                                          ; On                 ; On                 ;
; Force Use of Synchronous Clear Signals                                     ; Off                ; Off                ;
; Auto RAM to Logic Cell Conversion                                          ; Off                ; Off                ;
; Auto Resource Sharing                                                      ; Off                ; Off                ;
; Allow Any RAM Size For Recognition                                         ; Off                ; Off                ;
; Allow Any ROM Size For Recognition                                         ; Off                ; Off                ;
; Allow Any Shift Register Size For Recognition                              ; Off                ; Off                ;
; Use LogicLock Constraints during Resource Balancing                        ; On                 ; On                 ;
; Ignore translate_off and synthesis_off directives                          ; Off                ; Off                ;
; Timing-Driven Synthesis                                                    ; Off                ; Off                ;
; Report Parameter Settings                                                  ; On                 ; On                 ;
; Report Source Assignments                                                  ; On                 ; On                 ;
; Report Connectivity Checks                                                 ; On                 ; On                 ;
; Ignore Maximum Fan-Out Assignments                                         ; Off                ; Off                ;
; Synchronization Register Chain Length                                      ; 2                  ; 2                  ;
; PowerPlay Power Optimization                                               ; Normal compilation ; Normal compilation ;
; HDL message level                                                          ; Level2             ; Level2             ;
; Suppress Register Optimization Related Messages                            ; Off                ; Off                ;
; Number of Removed Registers Reported in Synthesis Report                   ; 5000               ; 5000               ;
; Number of Swept Nodes Reported in Synthesis Report                         ; 5000               ; 5000               ;
; Number of Inverted Registers Reported in Synthesis Report                  ; 100                ; 100                ;
; Clock MUX Protection                                                       ; On                 ; On                 ;
; Auto Gated Clock Conversion                                                ; Off                ; Off                ;
; Block Design Naming                                                        ; Auto               ; Auto               ;
; SDC constraint protection                                                  ; Off                ; Off                ;
; Synthesis Effort                                                           ; Auto               ; Auto               ;
; Shift Register Replacement - Allow Asynchronous Clear Signal               ; On                 ; On                 ;
; Analysis & Synthesis Message Level                                         ; Medium             ; Medium             ;
; Disable Register Merging Across Hierarchies                                ; Auto               ; Auto               ;
; Resource Aware Inference For Block RAM                                     ; On                 ; On                 ;
; Synthesis Seed                                                             ; 1                  ; 1                  ;
+----------------------------------------------------------------------------+--------------------+--------------------+


Parallel compilation was disabled, but you have multiple processors available. Enable parallel compilation to reduce compilation time.
+-------------------------------------+
; Parallel Compilation                ;
+----------------------------+--------+
; Processors                 ; Number ;
+----------------------------+--------+
; Number detected on machine ; 4      ;
; Maximum allowed            ; 1      ;
+----------------------------+--------+


+---------------------------------------------------------------------------------------------------------------------------------------------------------------------------------+
; Analysis & Synthesis Source Files Read                                                                                                                                          ;
+----------------------------------+-----------------+----------------------------------------+-------------------------------------------------------------------------+---------+
; File Name with User-Entered Path ; Used in Netlist ; File Type                              ; File Name with Absolute Path                                            ; Library ;
+----------------------------------+-----------------+----------------------------------------+-------------------------------------------------------------------------+---------+
; multicycle.v                     ; yes             ; User Verilog HDL File                  ; D:/Libraries/Desktop/multicycle/multicycle/multicycle.v                 ;         ;
; mux2o1s.v                        ; yes             ; User Wizard-Generated File             ; D:/Libraries/Desktop/multicycle/multicycle/mux2o1s.v                    ;         ;
; DataMemory.v                     ; yes             ; User Wizard-Generated File             ; D:/Libraries/Desktop/multicycle/multicycle/DataMemory.v                 ;         ;
; mux2to1.v                        ; yes             ; User Wizard-Generated File             ; D:/Libraries/Desktop/multicycle/multicycle/mux2to1.v                    ;         ;
; mux5to1.v                        ; yes             ; User Wizard-Generated File             ; D:/Libraries/Desktop/multicycle/multicycle/mux5to1.v                    ;         ;
; registers.v                      ; yes             ; User Wizard-Generated File             ; D:/Libraries/Desktop/multicycle/multicycle/registers.v                  ;         ;
; ALU.v                            ; yes             ; User Verilog HDL File                  ; D:/Libraries/Desktop/multicycle/multicycle/ALU.v                        ;         ;
; RF.v                             ; yes             ; User Verilog HDL File                  ; D:/Libraries/Desktop/multicycle/multicycle/RF.v                         ;         ;
; extend.v                         ; yes             ; User Verilog HDL File                  ; D:/Libraries/Desktop/multicycle/multicycle/extend.v                     ;         ;
; HEX.v                            ; yes             ; User Verilog HDL File                  ; D:/Libraries/Desktop/multicycle/multicycle/HEX.v                        ;         ;
; FSM.v                            ; yes             ; User Verilog HDL File                  ; D:/Libraries/Desktop/multicycle/multicycle/FSM.v                        ;         ;
; memory.bdf                       ; yes             ; User Block Diagram/Schematic File      ; D:/Libraries/Desktop/multicycle/multicycle/memory.bdf                   ;         ;
; lpm_mux.tdf                      ; yes             ; Megafunction                           ; c:/altera/12.0sp2/quartus/libraries/megafunctions/lpm_mux.tdf           ;         ;
; aglobal120.inc                   ; yes             ; Megafunction                           ; c:/altera/12.0sp2/quartus/libraries/megafunctions/aglobal120.inc        ;         ;
; muxlut.inc                       ; yes             ; Megafunction                           ; c:/altera/12.0sp2/quartus/libraries/megafunctions/muxlut.inc            ;         ;
; bypassff.inc                     ; yes             ; Megafunction                           ; c:/altera/12.0sp2/quartus/libraries/megafunctions/bypassff.inc          ;         ;
; altshift.inc                     ; yes             ; Megafunction                           ; c:/altera/12.0sp2/quartus/libraries/megafunctions/altshift.inc          ;         ;
; db/mux_smc.tdf                   ; yes             ; Auto-Generated Megafunction            ; D:/Libraries/Desktop/multicycle/multicycle/db/mux_smc.tdf               ;         ;
; altsyncram.tdf                   ; yes             ; Megafunction                           ; c:/altera/12.0sp2/quartus/libraries/megafunctions/altsyncram.tdf        ;         ;
; stratix_ram_block.inc            ; yes             ; Megafunction                           ; c:/altera/12.0sp2/quartus/libraries/megafunctions/stratix_ram_block.inc ;         ;
; lpm_mux.inc                      ; yes             ; Megafunction                           ; c:/altera/12.0sp2/quartus/libraries/megafunctions/lpm_mux.inc           ;         ;
; lpm_decode.inc                   ; yes             ; Megafunction                           ; c:/altera/12.0sp2/quartus/libraries/megafunctions/lpm_decode.inc        ;         ;
; a_rdenreg.inc                    ; yes             ; Megafunction                           ; c:/altera/12.0sp2/quartus/libraries/megafunctions/a_rdenreg.inc         ;         ;
; altrom.inc                       ; yes             ; Megafunction                           ; c:/altera/12.0sp2/quartus/libraries/megafunctions/altrom.inc            ;         ;
; altram.inc                       ; yes             ; Megafunction                           ; c:/altera/12.0sp2/quartus/libraries/megafunctions/altram.inc            ;         ;
; altdpram.inc                     ; yes             ; Megafunction                           ; c:/altera/12.0sp2/quartus/libraries/megafunctions/altdpram.inc          ;         ;
; db/altsyncram_djc1.tdf           ; yes             ; Auto-Generated Megafunction            ; D:/Libraries/Desktop/multicycle/multicycle/db/altsyncram_djc1.tdf       ;         ;
; mem.mif                          ; yes             ; Auto-Found Memory Initialization File  ; D:/Libraries/Desktop/multicycle/multicycle/mem.mif                      ;         ;
; lpm_ff.tdf                       ; yes             ; Megafunction                           ; c:/altera/12.0sp2/quartus/libraries/megafunctions/lpm_ff.tdf            ;         ;
; lpm_constant.inc                 ; yes             ; Megafunction                           ; c:/altera/12.0sp2/quartus/libraries/megafunctions/lpm_constant.inc      ;         ;
; db/mux_mmc.tdf                   ; yes             ; Auto-Generated Megafunction            ; D:/Libraries/Desktop/multicycle/multicycle/db/mux_mmc.tdf               ;         ;
; db/mux_1nc.tdf                   ; yes             ; Auto-Generated Megafunction            ; D:/Libraries/Desktop/multicycle/multicycle/db/mux_1nc.tdf               ;         ;
+----------------------------------+-----------------+----------------------------------------+-------------------------------------------------------------------------+---------+


+------------------------------------------------------+
; Analysis & Synthesis Resource Usage Summary          ;
+---------------------------------------------+--------+
; Resource                                    ; Usage  ;
+---------------------------------------------+--------+
; Estimated Total logic elements              ; 380    ;
;                                             ;        ;
; Total combinational functions               ; 339    ;
; Logic element usage by number of LUT inputs ;        ;
;     -- 4 input functions                    ; 252    ;
;     -- 3 input functions                    ; 62     ;
;     -- <=2 input functions                  ; 25     ;
;                                             ;        ;
; Logic elements by mode                      ;        ;
;     -- normal mode                          ; 325    ;
;     -- arithmetic mode                      ; 14     ;
;                                             ;        ;
; Total registers                             ; 87     ;
;     -- Dedicated logic registers            ; 87     ;
;     -- I/O registers                        ; 0      ;
;                                             ;        ;
; I/O pins                                    ; 104    ;
; Total memory bits                           ; 2048   ;
; Maximum fan-out node                        ; KEY[1] ;
; Maximum fan-out                             ; 95     ;
; Total fan-out                               ; 1752   ;
; Average fan-out                             ; 3.26   ;
+---------------------------------------------+--------+


+-------------------------------------------------------------------------------------------------------------------------------------------------------------------------------------------------------------------------------------------------------------------------------------+
; Analysis & Synthesis Resource Utilization by Entity                                                                                                                                                                                                                                 ;
+----------------------------------------------+-------------------+--------------+-------------+--------------+---------+-----------+------+--------------+-----------------------------------------------------------------------------------------------------------+--------------+
; Compilation Hierarchy Node                   ; LC Combinationals ; LC Registers ; Memory Bits ; DSP Elements ; DSP 9x9 ; DSP 18x18 ; Pins ; Virtual Pins ; Full Hierarchy Name                                                                                       ; Library Name ;
+----------------------------------------------+-------------------+--------------+-------------+--------------+---------+-----------+------+--------------+-----------------------------------------------------------------------------------------------------------+--------------+
; |multicycle                                  ; 339 (25)          ; 87 (2)       ; 2048        ; 0            ; 0       ; 0         ; 104  ; 0            ; |multicycle                                                                                               ;              ;
;    |ALU:ALU|                                 ; 85 (85)           ; 0 (0)        ; 0           ; 0            ; 0       ; 0         ; 0    ; 0            ; |multicycle|ALU:ALU                                                                                       ;              ;
;    |FSM:Control|                             ; 64 (64)           ; 5 (5)        ; 0           ; 0            ; 0       ; 0         ; 0    ; 0            ; |multicycle|FSM:Control                                                                                   ;              ;
;    |HEXs:HEX_display|                        ; 70 (0)            ; 0 (0)        ; 0           ; 0            ; 0       ; 0         ; 0    ; 0            ; |multicycle|HEXs:HEX_display                                                                              ;              ;
;       |HEX:hex0|                             ; 7 (7)             ; 0 (0)        ; 0           ; 0            ; 0       ; 0         ; 0    ; 0            ; |multicycle|HEXs:HEX_display|HEX:hex0                                                                     ;              ;
;       |HEX:hex1|                             ; 7 (7)             ; 0 (0)        ; 0           ; 0            ; 0       ; 0         ; 0    ; 0            ; |multicycle|HEXs:HEX_display|HEX:hex1                                                                     ;              ;
;       |HEX:hex2|                             ; 7 (7)             ; 0 (0)        ; 0           ; 0            ; 0       ; 0         ; 0    ; 0            ; |multicycle|HEXs:HEX_display|HEX:hex2                                                                     ;              ;
;       |HEX:hex3|                             ; 7 (7)             ; 0 (0)        ; 0           ; 0            ; 0       ; 0         ; 0    ; 0            ; |multicycle|HEXs:HEX_display|HEX:hex3                                                                     ;              ;
;       |HEX:hex4|                             ; 14 (14)           ; 0 (0)        ; 0           ; 0            ; 0       ; 0         ; 0    ; 0            ; |multicycle|HEXs:HEX_display|HEX:hex4                                                                     ;              ;
;       |HEX:hex5|                             ; 14 (14)           ; 0 (0)        ; 0           ; 0            ; 0       ; 0         ; 0    ; 0            ; |multicycle|HEXs:HEX_display|HEX:hex5                                                                     ;              ;
;       |HEX:hex6|                             ; 7 (7)             ; 0 (0)        ; 0           ; 0            ; 0       ; 0         ; 0    ; 0            ; |multicycle|HEXs:HEX_display|HEX:hex6                                                                     ;              ;
;       |HEX:hex7|                             ; 7 (7)             ; 0 (0)        ; 0           ; 0            ; 0       ; 0         ; 0    ; 0            ; |multicycle|HEXs:HEX_display|HEX:hex7                                                                     ;              ;
;    |RF:RF_block|                             ; 36 (36)           ; 32 (32)      ; 0           ; 0            ; 0       ; 0         ; 0    ; 0            ; |multicycle|RF:RF_block                                                                                   ;              ;
;    |memory:DataMem|                          ; 8 (0)             ; 0 (0)        ; 2048        ; 0            ; 0       ; 0         ; 0    ; 0            ; |multicycle|memory:DataMem                                                                                ;              ;
;       |DataMemory:inst|                      ; 0 (0)             ; 0 (0)        ; 2048        ; 0            ; 0       ; 0         ; 0    ; 0            ; |multicycle|memory:DataMem|DataMemory:inst                                                                ;              ;
;          |altsyncram:altsyncram_component|   ; 0 (0)             ; 0 (0)        ; 2048        ; 0            ; 0       ; 0         ; 0    ; 0            ; |multicycle|memory:DataMem|DataMemory:inst|altsyncram:altsyncram_component                                ;              ;
;             |altsyncram_djc1:auto_generated| ; 0 (0)             ; 0 (0)        ; 2048        ; 0            ; 0       ; 0         ; 0    ; 0            ; |multicycle|memory:DataMem|DataMemory:inst|altsyncram:altsyncram_component|altsyncram_djc1:auto_generated ;              ;
;       |mux2to1:inst3|                        ; 8 (0)             ; 0 (0)        ; 0           ; 0            ; 0       ; 0         ; 0    ; 0            ; |multicycle|memory:DataMem|mux2to1:inst3                                                                  ;              ;
;          |lpm_mux:lpm_mux_component|         ; 8 (0)             ; 0 (0)        ; 0           ; 0            ; 0       ; 0         ; 0    ; 0            ; |multicycle|memory:DataMem|mux2to1:inst3|lpm_mux:lpm_mux_component                                        ;              ;
;             |mux_smc:auto_generated|         ; 8 (8)             ; 0 (0)        ; 0           ; 0            ; 0       ; 0         ; 0    ; 0            ; |multicycle|memory:DataMem|mux2to1:inst3|lpm_mux:lpm_mux_component|mux_smc:auto_generated                 ;              ;
;    |mux2o1s:R1Sel_mux|                       ; 2 (0)             ; 0 (0)        ; 0           ; 0            ; 0       ; 0         ; 0    ; 0            ; |multicycle|mux2o1s:R1Sel_mux                                                                             ;              ;
;       |lpm_mux:lpm_mux_component|            ; 2 (0)             ; 0 (0)        ; 0           ; 0            ; 0       ; 0         ; 0    ; 0            ; |multicycle|mux2o1s:R1Sel_mux|lpm_mux:lpm_mux_component                                                   ;              ;
;          |mux_mmc:auto_generated|            ; 2 (2)             ; 0 (0)        ; 0           ; 0            ; 0       ; 0         ; 0    ; 0            ; |multicycle|mux2o1s:R1Sel_mux|lpm_mux:lpm_mux_component|mux_mmc:auto_generated                            ;              ;
;    |mux2to1:ALU1_mux|                        ; 8 (0)             ; 0 (0)        ; 0           ; 0            ; 0       ; 0         ; 0    ; 0            ; |multicycle|mux2to1:ALU1_mux                                                                              ;              ;
;       |lpm_mux:lpm_mux_component|            ; 8 (0)             ; 0 (0)        ; 0           ; 0            ; 0       ; 0         ; 0    ; 0            ; |multicycle|mux2to1:ALU1_mux|lpm_mux:lpm_mux_component                                                    ;              ;
;          |mux_smc:auto_generated|            ; 8 (8)             ; 0 (0)        ; 0           ; 0            ; 0       ; 0         ; 0    ; 0            ; |multicycle|mux2to1:ALU1_mux|lpm_mux:lpm_mux_component|mux_smc:auto_generated                             ;              ;
;    |mux2to1:MDRSel_mux|                      ; 16 (0)            ; 0 (0)        ; 0           ; 0            ; 0       ; 0         ; 0    ; 0            ; |multicycle|mux2to1:MDRSel_mux                                                                            ;              ;
;       |lpm_mux:lpm_mux_component|            ; 16 (0)            ; 0 (0)        ; 0           ; 0            ; 0       ; 0         ; 0    ; 0            ; |multicycle|mux2to1:MDRSel_mux|lpm_mux:lpm_mux_component                                                  ;              ;
;          |mux_smc:auto_generated|            ; 16 (16)           ; 0 (0)        ; 0           ; 0            ; 0       ; 0         ; 0    ; 0            ; |multicycle|mux2to1:MDRSel_mux|lpm_mux:lpm_mux_component|mux_smc:auto_generated                           ;              ;
;    |mux2to1:RegMux|                          ; 8 (0)             ; 0 (0)        ; 0           ; 0            ; 0       ; 0         ; 0    ; 0            ; |multicycle|mux2to1:RegMux                                                                                ;              ;
;       |lpm_mux:lpm_mux_component|            ; 8 (0)             ; 0 (0)        ; 0           ; 0            ; 0       ; 0         ; 0    ; 0            ; |multicycle|mux2to1:RegMux|lpm_mux:lpm_mux_component                                                      ;              ;
;          |mux_smc:auto_generated|            ; 8 (8)             ; 0 (0)        ; 0           ; 0            ; 0       ; 0         ; 0    ; 0            ; |multicycle|mux2to1:RegMux|lpm_mux:lpm_mux_component|mux_smc:auto_generated                               ;              ;
;    |mux5to1:ALU2_mux|                        ; 17 (0)            ; 0 (0)        ; 0           ; 0            ; 0       ; 0         ; 0    ; 0            ; |multicycle|mux5to1:ALU2_mux                                                                              ;              ;
;       |lpm_mux:lpm_mux_component|            ; 17 (0)            ; 0 (0)        ; 0           ; 0            ; 0       ; 0         ; 0    ; 0            ; |multicycle|mux5to1:ALU2_mux|lpm_mux:lpm_mux_component                                                    ;              ;
;          |mux_1nc:auto_generated|            ; 17 (17)           ; 0 (0)        ; 0           ; 0            ; 0       ; 0         ; 0    ; 0            ; |multicycle|mux5to1:ALU2_mux|lpm_mux:lpm_mux_component|mux_1nc:auto_generated                             ;              ;
;    |registers:ALUOut_reg|                    ; 0 (0)             ; 8 (0)        ; 0           ; 0            ; 0       ; 0         ; 0    ; 0            ; |multicycle|registers:ALUOut_reg                                                                          ;              ;
;       |lpm_ff:lpm_ff_component|              ; 0 (0)             ; 8 (8)        ; 0           ; 0            ; 0       ; 0         ; 0    ; 0            ; |multicycle|registers:ALUOut_reg|lpm_ff:lpm_ff_component                                                  ;              ;
;    |registers:IR_reg|                        ; 0 (0)             ; 8 (0)        ; 0           ; 0            ; 0       ; 0         ; 0    ; 0            ; |multicycle|registers:IR_reg                                                                              ;              ;
;       |lpm_ff:lpm_ff_component|              ; 0 (0)             ; 8 (8)        ; 0           ; 0            ; 0       ; 0         ; 0    ; 0            ; |multicycle|registers:IR_reg|lpm_ff:lpm_ff_component                                                      ;              ;
;    |registers:MDR_reg|                       ; 0 (0)             ; 8 (0)        ; 0           ; 0            ; 0       ; 0         ; 0    ; 0            ; |multicycle|registers:MDR_reg                                                                             ;              ;
;       |lpm_ff:lpm_ff_component|              ; 0 (0)             ; 8 (8)        ; 0           ; 0            ; 0       ; 0         ; 0    ; 0            ; |multicycle|registers:MDR_reg|lpm_ff:lpm_ff_component                                                     ;              ;
;    |registers:PC|                            ; 0 (0)             ; 8 (0)        ; 0           ; 0            ; 0       ; 0         ; 0    ; 0            ; |multicycle|registers:PC                                                                                  ;              ;
;       |lpm_ff:lpm_ff_component|              ; 0 (0)             ; 8 (8)        ; 0           ; 0            ; 0       ; 0         ; 0    ; 0            ; |multicycle|registers:PC|lpm_ff:lpm_ff_component                                                          ;              ;
;    |registers:R1|                            ; 0 (0)             ; 8 (0)        ; 0           ; 0            ; 0       ; 0         ; 0    ; 0            ; |multicycle|registers:R1                                                                                  ;              ;
;       |lpm_ff:lpm_ff_component|              ; 0 (0)             ; 8 (8)        ; 0           ; 0            ; 0       ; 0         ; 0    ; 0            ; |multicycle|registers:R1|lpm_ff:lpm_ff_component                                                          ;              ;
;    |registers:R2|                            ; 0 (0)             ; 8 (0)        ; 0           ; 0            ; 0       ; 0         ; 0    ; 0            ; |multicycle|registers:R2                                                                                  ;              ;
;       |lpm_ff:lpm_ff_component|              ; 0 (0)             ; 8 (8)        ; 0           ; 0            ; 0       ; 0         ; 0    ; 0            ; |multicycle|registers:R2|lpm_ff:lpm_ff_component                                                          ;              ;
+----------------------------------------------+-------------------+--------------+-------------+--------------+---------+-----------+------+--------------+-----------------------------------------------------------------------------------------------------------+--------------+
Note: For table entries with two numbers listed, the numbers in parentheses indicate the number of resources of the given type used by the specific entity alone. The numbers listed outside of parentheses indicate the total resources of the given type used by the specific entity and all of its sub-entities in the hierarchy.


+------------------------------------------------------------------------------------------------------------------------------------------------------------------------------------------------------------+
; Analysis & Synthesis RAM Summary                                                                                                                                                                           ;
+----------------------------------------------------------------------------------------------------------+------+-------------+--------------+--------------+--------------+--------------+------+---------+
; Name                                                                                                     ; Type ; Mode        ; Port A Depth ; Port A Width ; Port B Depth ; Port B Width ; Size ; MIF     ;
+----------------------------------------------------------------------------------------------------------+------+-------------+--------------+--------------+--------------+--------------+------+---------+
; memory:DataMem|DataMemory:inst|altsyncram:altsyncram_component|altsyncram_djc1:auto_generated|ALTSYNCRAM ; AUTO ; Single Port ; 256          ; 8            ; --           ; --           ; 2048 ; mem.mif ;
+----------------------------------------------------------------------------------------------------------+------+-------------+--------------+--------------+--------------+--------------+------+---------+


+----------------------------------------------------------------------------------------------------------------------------------------------------------------------+
; Analysis & Synthesis IP Cores Summary                                                                                                                                ;
+--------+--------------+---------+--------------+--------------+--------------------------------------------+---------------------------------------------------------+
; Vendor ; IP Core Name ; Version ; Release Date ; License Type ; Entity Instance                            ; IP Include File                                         ;
+--------+--------------+---------+--------------+--------------+--------------------------------------------+---------------------------------------------------------+
; Altera ; LPM_RAM_DQ   ; N/A     ; N/A          ; N/A          ; |multicycle|memory:DataMem|DataMemory:inst ; D:/Libraries/Desktop/multicycle/multicycle/DataMemory.v ;
; Altera ; LPM_MUX      ; N/A     ; N/A          ; N/A          ; |multicycle|memory:DataMem|mux2to1:inst3   ; D:/Libraries/Desktop/multicycle/multicycle/mux2to1.v    ;
; Altera ; LPM_MUX      ; N/A     ; N/A          ; N/A          ; |multicycle|mux2o1s:R1Sel_mux              ; D:/Libraries/Desktop/multicycle/multicycle/mux2o1s.v    ;
; Altera ; LPM_MUX      ; N/A     ; N/A          ; N/A          ; |multicycle|mux2to1:ALU1_mux               ; D:/Libraries/Desktop/multicycle/multicycle/mux2to1.v    ;
; Altera ; LPM_MUX      ; N/A     ; N/A          ; N/A          ; |multicycle|mux2to1:AddrSel_mux            ; D:/Libraries/Desktop/multicycle/multicycle/mux2to1.v    ;
; Altera ; LPM_MUX      ; N/A     ; N/A          ; N/A          ; |multicycle|mux2to1:MDRSel_mux             ; D:/Libraries/Desktop/multicycle/multicycle/mux2to1.v    ;
; Altera ; LPM_MUX      ; N/A     ; N/A          ; N/A          ; |multicycle|mux2to1:RegMux                 ; D:/Libraries/Desktop/multicycle/multicycle/mux2to1.v    ;
; Altera ; LPM_MUX      ; N/A     ; N/A          ; N/A          ; |multicycle|mux5to1:ALU2_mux               ; D:/Libraries/Desktop/multicycle/multicycle/mux5to1.v    ;
; Altera ; LPM_FF       ; N/A     ; N/A          ; N/A          ; |multicycle|registers:ALUOut_reg           ; D:/Libraries/Desktop/multicycle/multicycle/registers.v  ;
; Altera ; LPM_FF       ; N/A     ; N/A          ; N/A          ; |multicycle|registers:IR_reg               ; D:/Libraries/Desktop/multicycle/multicycle/registers.v  ;
; Altera ; LPM_FF       ; N/A     ; N/A          ; N/A          ; |multicycle|registers:MDR_reg              ; D:/Libraries/Desktop/multicycle/multicycle/registers.v  ;
; Altera ; LPM_FF       ; N/A     ; N/A          ; N/A          ; |multicycle|registers:PC                   ; D:/Libraries/Desktop/multicycle/multicycle/registers.v  ;
; Altera ; LPM_FF       ; N/A     ; N/A          ; N/A          ; |multicycle|registers:R1                   ; D:/Libraries/Desktop/multicycle/multicycle/registers.v  ;
; Altera ; LPM_FF       ; N/A     ; N/A          ; N/A          ; |multicycle|registers:R2                   ; D:/Libraries/Desktop/multicycle/multicycle/registers.v  ;
+--------+--------------+---------+--------------+--------------+--------------------------------------------+---------------------------------------------------------+


+------------------------------------------------------+
; General Register Statistics                          ;
+----------------------------------------------+-------+
; Statistic                                    ; Value ;
+----------------------------------------------+-------+
; Total registers                              ; 87    ;
; Number of registers using Synchronous Clear  ; 0     ;
; Number of registers using Synchronous Load   ; 0     ;
; Number of registers using Asynchronous Clear ; 87    ;
; Number of registers using Asynchronous Load  ; 0     ;
; Number of registers using Clock Enable       ; 82    ;
; Number of registers using Preset             ; 0     ;
+----------------------------------------------+-------+


+------------------------------------------------------------------------------------------------------------------------------------------------------------------------------------------------------------------------------+
; Multiplexer Restructuring Statistics (Restructuring Performed)                                                                                                                                                               ;
+--------------------+-----------+---------------+----------------------+------------------------+------------------------------------------------------------------------------------------------+----------------------------+
; Multiplexer Inputs ; Bus Width ; Baseline Area ; Area if Restructured ; Saving if Restructured ; Registered                                                                                     ; Example Multiplexer Output ;
+--------------------+-----------+---------------+----------------------+------------------------+------------------------------------------------------------------------------------------------+----------------------------+
; 4:1                ; 8 bits    ; 16 LEs        ; 16 LEs               ; 0 LEs                  ; |multicycle|registers:R2|lpm_ff:lpm_ff_component|dffs[7]                                       ;                            ;
; 4:1                ; 8 bits    ; 16 LEs        ; 16 LEs               ; 0 LEs                  ; |multicycle|registers:R1|lpm_ff:lpm_ff_component|dffs[2]                                       ;                            ;
; 3:1                ; 8 bits    ; 16 LEs        ; 16 LEs               ; 0 LEs                  ; |multicycle|mux2to1:MDRSel_mux|lpm_mux:lpm_mux_component|mux_smc:auto_generated|result_node[3] ;                            ;
; 11:1               ; 4 bits    ; 28 LEs        ; 24 LEs               ; 4 LEs                  ; |multicycle|ALU:ALU|tmp_out[3]                                                                 ;                            ;
; 12:1               ; 2 bits    ; 16 LEs        ; 12 LEs               ; 4 LEs                  ; |multicycle|ALU:ALU|N                                                                          ;                            ;
; 12:1               ; 2 bits    ; 16 LEs        ; 12 LEs               ; 4 LEs                  ; |multicycle|ALU:ALU|tmp_out[1]                                                                 ;                            ;
+--------------------+-----------+---------------+----------------------+------------------------+------------------------------------------------------------------------------------------------+----------------------------+


+----------------------------------------------------------------------------------------------------------------------+
; Source assignments for memory:DataMem|DataMemory:inst|altsyncram:altsyncram_component|altsyncram_djc1:auto_generated ;
+---------------------------------+--------------------+------+--------------------------------------------------------+
; Assignment                      ; Value              ; From ; To                                                     ;
+---------------------------------+--------------------+------+--------------------------------------------------------+
; OPTIMIZE_POWER_DURING_SYNTHESIS ; NORMAL_COMPILATION ; -    ; -                                                      ;
+---------------------------------+--------------------+------+--------------------------------------------------------+


+----------------------------------------------------------+
; Parameter Settings for User Entity Instance: FSM:Control ;
+----------------+-------+---------------------------------+
; Parameter Name ; Value ; Type                            ;
+----------------+-------+---------------------------------+
; reset_s        ; 00000 ; Unsigned Binary                 ;
; c1             ; 00001 ; Unsigned Binary                 ;
; c2             ; 00010 ; Unsigned Binary                 ;
; c3_asn         ; 00011 ; Unsigned Binary                 ;
; c4_asnsh       ; 00100 ; Unsigned Binary                 ;
; c3_shift       ; 00101 ; Unsigned Binary                 ;
; c3_ori         ; 00110 ; Unsigned Binary                 ;
; c4_ori         ; 00111 ; Unsigned Binary                 ;
; c5_ori         ; 01000 ; Unsigned Binary                 ;
; c3_load        ; 01001 ; Unsigned Binary                 ;
; c4_load        ; 01010 ; Unsigned Binary                 ;
; c3_store       ; 01011 ; Unsigned Binary                 ;
; c3_bpz         ; 01100 ; Unsigned Binary                 ;
; c3_bz          ; 01101 ; Unsigned Binary                 ;
; c3_bnz         ; 01110 ; Unsigned Binary                 ;
; c3_ldind       ; 01111 ; Unsigned Binary                 ;
; c4_ldind       ; 10000 ; Unsigned Binary                 ;
; c5_ldind       ; 10001 ; Unsigned Binary                 ;
; c3_jr          ; 10010 ; Unsigned Binary                 ;
; c3_jal         ; 10011 ; Unsigned Binary                 ;
; c4_jal         ; 10100 ; Unsigned Binary                 ;
+----------------+-------+---------------------------------+
Note: In order to hide this table in the UI and the text report file, please set the "Show Parameter Settings in Synthesis Report" option in "Analysis and Synthesis Settings -> More Settings" to "Off".


+-----------------------------------------------------------------------------------------------------+
; Parameter Settings for User Entity Instance: memory:DataMem|mux2to1:inst3|lpm_mux:lpm_mux_component ;
+------------------------+------------+---------------------------------------------------------------+
; Parameter Name         ; Value      ; Type                                                          ;
+------------------------+------------+---------------------------------------------------------------+
; AUTO_CARRY_CHAINS      ; ON         ; AUTO_CARRY                                                    ;
; IGNORE_CARRY_BUFFERS   ; OFF        ; IGNORE_CARRY                                                  ;
; AUTO_CASCADE_CHAINS    ; ON         ; AUTO_CASCADE                                                  ;
; IGNORE_CASCADE_BUFFERS ; OFF        ; IGNORE_CASCADE                                                ;
; LPM_WIDTH              ; 8          ; Signed Integer                                                ;
; LPM_SIZE               ; 2          ; Signed Integer                                                ;
; LPM_WIDTHS             ; 1          ; Signed Integer                                                ;
; LPM_PIPELINE           ; 0          ; Untyped                                                       ;
; CBXI_PARAMETER         ; mux_smc    ; Untyped                                                       ;
; DEVICE_FAMILY          ; Cyclone II ; Untyped                                                       ;
+------------------------+------------+---------------------------------------------------------------+
Note: In order to hide this table in the UI and the text report file, please set the "Show Parameter Settings in Synthesis Report" option in "Analysis and Synthesis Settings -> More Settings" to "Off".


+-------------------------------------------------------------------------------------------------------------+
; Parameter Settings for User Entity Instance: memory:DataMem|DataMemory:inst|altsyncram:altsyncram_component ;
+------------------------------------+----------------------+-------------------------------------------------+
; Parameter Name                     ; Value                ; Type                                            ;
+------------------------------------+----------------------+-------------------------------------------------+
; BYTE_SIZE_BLOCK                    ; 8                    ; Untyped                                         ;
; AUTO_CARRY_CHAINS                  ; ON                   ; AUTO_CARRY                                      ;
; IGNORE_CARRY_BUFFERS               ; OFF                  ; IGNORE_CARRY                                    ;
; AUTO_CASCADE_CHAINS                ; ON                   ; AUTO_CASCADE                                    ;
; IGNORE_CASCADE_BUFFERS             ; OFF                  ; IGNORE_CASCADE                                  ;
; WIDTH_BYTEENA                      ; 1                    ; Untyped                                         ;
; OPERATION_MODE                     ; SINGLE_PORT          ; Untyped                                         ;
; WIDTH_A                            ; 8                    ; Signed Integer                                  ;
; WIDTHAD_A                          ; 8                    ; Signed Integer                                  ;
; NUMWORDS_A                         ; 256                  ; Signed Integer                                  ;
; OUTDATA_REG_A                      ; UNREGISTERED         ; Untyped                                         ;
; ADDRESS_ACLR_A                     ; NONE                 ; Untyped                                         ;
; OUTDATA_ACLR_A                     ; NONE                 ; Untyped                                         ;
; WRCONTROL_ACLR_A                   ; NONE                 ; Untyped                                         ;
; INDATA_ACLR_A                      ; NONE                 ; Untyped                                         ;
; BYTEENA_ACLR_A                     ; NONE                 ; Untyped                                         ;
; WIDTH_B                            ; 1                    ; Untyped                                         ;
; WIDTHAD_B                          ; 1                    ; Untyped                                         ;
; NUMWORDS_B                         ; 1                    ; Untyped                                         ;
; INDATA_REG_B                       ; CLOCK1               ; Untyped                                         ;
; WRCONTROL_WRADDRESS_REG_B          ; CLOCK1               ; Untyped                                         ;
; RDCONTROL_REG_B                    ; CLOCK1               ; Untyped                                         ;
; ADDRESS_REG_B                      ; CLOCK1               ; Untyped                                         ;
; OUTDATA_REG_B                      ; UNREGISTERED         ; Untyped                                         ;
; BYTEENA_REG_B                      ; CLOCK1               ; Untyped                                         ;
; INDATA_ACLR_B                      ; NONE                 ; Untyped                                         ;
; WRCONTROL_ACLR_B                   ; NONE                 ; Untyped                                         ;
; ADDRESS_ACLR_B                     ; NONE                 ; Untyped                                         ;
; OUTDATA_ACLR_B                     ; NONE                 ; Untyped                                         ;
; RDCONTROL_ACLR_B                   ; NONE                 ; Untyped                                         ;
; BYTEENA_ACLR_B                     ; NONE                 ; Untyped                                         ;
; WIDTH_BYTEENA_A                    ; 1                    ; Signed Integer                                  ;
; WIDTH_BYTEENA_B                    ; 1                    ; Untyped                                         ;
; RAM_BLOCK_TYPE                     ; AUTO                 ; Untyped                                         ;
; BYTE_SIZE                          ; 8                    ; Untyped                                         ;
; READ_DURING_WRITE_MODE_MIXED_PORTS ; DONT_CARE            ; Untyped                                         ;
; READ_DURING_WRITE_MODE_PORT_A      ; NEW_DATA_NO_NBE_READ ; Untyped                                         ;
; READ_DURING_WRITE_MODE_PORT_B      ; NEW_DATA_NO_NBE_READ ; Untyped                                         ;
; INIT_FILE                          ; mem.mif              ; Untyped                                         ;
; INIT_FILE_LAYOUT                   ; PORT_A               ; Untyped                                         ;
; MAXIMUM_DEPTH                      ; 0                    ; Untyped                                         ;
; CLOCK_ENABLE_INPUT_A               ; BYPASS               ; Untyped                                         ;
; CLOCK_ENABLE_INPUT_B               ; NORMAL               ; Untyped                                         ;
; CLOCK_ENABLE_OUTPUT_A              ; BYPASS               ; Untyped                                         ;
; CLOCK_ENABLE_OUTPUT_B              ; NORMAL               ; Untyped                                         ;
; CLOCK_ENABLE_CORE_A                ; USE_INPUT_CLKEN      ; Untyped                                         ;
; CLOCK_ENABLE_CORE_B                ; USE_INPUT_CLKEN      ; Untyped                                         ;
; ENABLE_ECC                         ; FALSE                ; Untyped                                         ;
; ECC_PIPELINE_STAGE_ENABLED         ; FALSE                ; Untyped                                         ;
; WIDTH_ECCSTATUS                    ; 3                    ; Untyped                                         ;
; DEVICE_FAMILY                      ; Cyclone II           ; Untyped                                         ;
; CBXI_PARAMETER                     ; altsyncram_djc1      ; Untyped                                         ;
+------------------------------------+----------------------+-------------------------------------------------+
Note: In order to hide this table in the UI and the text report file, please set the "Show Parameter Settings in Synthesis Report" option in "Analysis and Synthesis Settings -> More Settings" to "Off".


+---------------------------------------------------------------------------------------+
; Parameter Settings for User Entity Instance: registers:IR_reg|lpm_ff:lpm_ff_component ;
+------------------------+------------+-------------------------------------------------+
; Parameter Name         ; Value      ; Type                                            ;
+------------------------+------------+-------------------------------------------------+
; LPM_WIDTH              ; 8          ; Signed Integer                                  ;
; LPM_AVALUE             ; UNUSED     ; Untyped                                         ;
; LPM_SVALUE             ; UNUSED     ; Untyped                                         ;
; LPM_FFTYPE             ; DFF        ; Untyped                                         ;
; DEVICE_FAMILY          ; Cyclone II ; Untyped                                         ;
; CBXI_PARAMETER         ; NOTHING    ; Untyped                                         ;
; AUTO_CARRY_CHAINS      ; ON         ; AUTO_CARRY                                      ;
; IGNORE_CARRY_BUFFERS   ; OFF        ; IGNORE_CARRY                                    ;
; AUTO_CASCADE_CHAINS    ; ON         ; AUTO_CASCADE                                    ;
; IGNORE_CASCADE_BUFFERS ; OFF        ; IGNORE_CASCADE                                  ;
+------------------------+------------+-------------------------------------------------+
Note: In order to hide this table in the UI and the text report file, please set the "Show Parameter Settings in Synthesis Report" option in "Analysis and Synthesis Settings -> More Settings" to "Off".


+----------------------------------------------------------------------------------------+
; Parameter Settings for User Entity Instance: registers:MDR_reg|lpm_ff:lpm_ff_component ;
+------------------------+------------+--------------------------------------------------+
; Parameter Name         ; Value      ; Type                                             ;
+------------------------+------------+--------------------------------------------------+
; LPM_WIDTH              ; 8          ; Signed Integer                                   ;
; LPM_AVALUE             ; UNUSED     ; Untyped                                          ;
; LPM_SVALUE             ; UNUSED     ; Untyped                                          ;
; LPM_FFTYPE             ; DFF        ; Untyped                                          ;
; DEVICE_FAMILY          ; Cyclone II ; Untyped                                          ;
; CBXI_PARAMETER         ; NOTHING    ; Untyped                                          ;
; AUTO_CARRY_CHAINS      ; ON         ; AUTO_CARRY                                       ;
; IGNORE_CARRY_BUFFERS   ; OFF        ; IGNORE_CARRY                                     ;
; AUTO_CASCADE_CHAINS    ; ON         ; AUTO_CASCADE                                     ;
; IGNORE_CASCADE_BUFFERS ; OFF        ; IGNORE_CASCADE                                   ;
+------------------------+------------+--------------------------------------------------+
Note: In order to hide this table in the UI and the text report file, please set the "Show Parameter Settings in Synthesis Report" option in "Analysis and Synthesis Settings -> More Settings" to "Off".


+-----------------------------------------------------------------------------------+
; Parameter Settings for User Entity Instance: registers:PC|lpm_ff:lpm_ff_component ;
+------------------------+------------+---------------------------------------------+
; Parameter Name         ; Value      ; Type                                        ;
+------------------------+------------+---------------------------------------------+
; LPM_WIDTH              ; 8          ; Signed Integer                              ;
; LPM_AVALUE             ; UNUSED     ; Untyped                                     ;
; LPM_SVALUE             ; UNUSED     ; Untyped                                     ;
; LPM_FFTYPE             ; DFF        ; Untyped                                     ;
; DEVICE_FAMILY          ; Cyclone II ; Untyped                                     ;
; CBXI_PARAMETER         ; NOTHING    ; Untyped                                     ;
; AUTO_CARRY_CHAINS      ; ON         ; AUTO_CARRY                                  ;
; IGNORE_CARRY_BUFFERS   ; OFF        ; IGNORE_CARRY                                ;
; AUTO_CASCADE_CHAINS    ; ON         ; AUTO_CASCADE                                ;
; IGNORE_CASCADE_BUFFERS ; OFF        ; IGNORE_CASCADE                              ;
+------------------------+------------+---------------------------------------------+
Note: In order to hide this table in the UI and the text report file, please set the "Show Parameter Settings in Synthesis Report" option in "Analysis and Synthesis Settings -> More Settings" to "Off".


+-----------------------------------------------------------------------------------+
; Parameter Settings for User Entity Instance: registers:R1|lpm_ff:lpm_ff_component ;
+------------------------+------------+---------------------------------------------+
; Parameter Name         ; Value      ; Type                                        ;
+------------------------+------------+---------------------------------------------+
; LPM_WIDTH              ; 8          ; Signed Integer                              ;
; LPM_AVALUE             ; UNUSED     ; Untyped                                     ;
; LPM_SVALUE             ; UNUSED     ; Untyped                                     ;
; LPM_FFTYPE             ; DFF        ; Untyped                                     ;
; DEVICE_FAMILY          ; Cyclone II ; Untyped                                     ;
; CBXI_PARAMETER         ; NOTHING    ; Untyped                                     ;
; AUTO_CARRY_CHAINS      ; ON         ; AUTO_CARRY                                  ;
; IGNORE_CARRY_BUFFERS   ; OFF        ; IGNORE_CARRY                                ;
; AUTO_CASCADE_CHAINS    ; ON         ; AUTO_CASCADE                                ;
; IGNORE_CASCADE_BUFFERS ; OFF        ; IGNORE_CASCADE                              ;
+------------------------+------------+---------------------------------------------+
Note: In order to hide this table in the UI and the text report file, please set the "Show Parameter Settings in Synthesis Report" option in "Analysis and Synthesis Settings -> More Settings" to "Off".


+-----------------------------------------------------------------------------------+
; Parameter Settings for User Entity Instance: registers:R2|lpm_ff:lpm_ff_component ;
+------------------------+------------+---------------------------------------------+
; Parameter Name         ; Value      ; Type                                        ;
+------------------------+------------+---------------------------------------------+
; LPM_WIDTH              ; 8          ; Signed Integer                              ;
; LPM_AVALUE             ; UNUSED     ; Untyped                                     ;
; LPM_SVALUE             ; UNUSED     ; Untyped                                     ;
; LPM_FFTYPE             ; DFF        ; Untyped                                     ;
; DEVICE_FAMILY          ; Cyclone II ; Untyped                                     ;
; CBXI_PARAMETER         ; NOTHING    ; Untyped                                     ;
; AUTO_CARRY_CHAINS      ; ON         ; AUTO_CARRY                                  ;
; IGNORE_CARRY_BUFFERS   ; OFF        ; IGNORE_CARRY                                ;
; AUTO_CASCADE_CHAINS    ; ON         ; AUTO_CASCADE                                ;
; IGNORE_CASCADE_BUFFERS ; OFF        ; IGNORE_CASCADE                              ;
+------------------------+------------+---------------------------------------------+
Note: In order to hide this table in the UI and the text report file, please set the "Show Parameter Settings in Synthesis Report" option in "Analysis and Synthesis Settings -> More Settings" to "Off".


+-------------------------------------------------------------------------------------------+
; Parameter Settings for User Entity Instance: registers:ALUOut_reg|lpm_ff:lpm_ff_component ;
+------------------------+------------+-----------------------------------------------------+
; Parameter Name         ; Value      ; Type                                                ;
+------------------------+------------+-----------------------------------------------------+
; LPM_WIDTH              ; 8          ; Signed Integer                                      ;
; LPM_AVALUE             ; UNUSED     ; Untyped                                             ;
; LPM_SVALUE             ; UNUSED     ; Untyped                                             ;
; LPM_FFTYPE             ; DFF        ; Untyped                                             ;
; DEVICE_FAMILY          ; Cyclone II ; Untyped                                             ;
; CBXI_PARAMETER         ; NOTHING    ; Untyped                                             ;
; AUTO_CARRY_CHAINS      ; ON         ; AUTO_CARRY                                          ;
; IGNORE_CARRY_BUFFERS   ; OFF        ; IGNORE_CARRY                                        ;
; AUTO_CASCADE_CHAINS    ; ON         ; AUTO_CASCADE                                        ;
; IGNORE_CASCADE_BUFFERS ; OFF        ; IGNORE_CASCADE                                      ;
+------------------------+------------+-----------------------------------------------------+
Note: In order to hide this table in the UI and the text report file, please set the "Show Parameter Settings in Synthesis Report" option in "Analysis and Synthesis Settings -> More Settings" to "Off".


+------------------------------------------------------------------------------------------+
; Parameter Settings for User Entity Instance: mux2o1s:R1Sel_mux|lpm_mux:lpm_mux_component ;
+------------------------+------------+----------------------------------------------------+
; Parameter Name         ; Value      ; Type                                               ;
+------------------------+------------+----------------------------------------------------+
; AUTO_CARRY_CHAINS      ; ON         ; AUTO_CARRY                                         ;
; IGNORE_CARRY_BUFFERS   ; OFF        ; IGNORE_CARRY                                       ;
; AUTO_CASCADE_CHAINS    ; ON         ; AUTO_CASCADE                                       ;
; IGNORE_CASCADE_BUFFERS ; OFF        ; IGNORE_CASCADE                                     ;
; LPM_WIDTH              ; 2          ; Signed Integer                                     ;
; LPM_SIZE               ; 2          ; Signed Integer                                     ;
; LPM_WIDTHS             ; 1          ; Signed Integer                                     ;
; LPM_PIPELINE           ; 0          ; Untyped                                            ;
; CBXI_PARAMETER         ; mux_mmc    ; Untyped                                            ;
; DEVICE_FAMILY          ; Cyclone II ; Untyped                                            ;
+------------------------+------------+----------------------------------------------------+
Note: In order to hide this table in the UI and the text report file, please set the "Show Parameter Settings in Synthesis Report" option in "Analysis and Synthesis Settings -> More Settings" to "Off".


+--------------------------------------------------------------------------------------------+
; Parameter Settings for User Entity Instance: mux2to1:AddrSel_mux|lpm_mux:lpm_mux_component ;
+------------------------+------------+------------------------------------------------------+
; Parameter Name         ; Value      ; Type                                                 ;
+------------------------+------------+------------------------------------------------------+
; AUTO_CARRY_CHAINS      ; ON         ; AUTO_CARRY                                           ;
; IGNORE_CARRY_BUFFERS   ; OFF        ; IGNORE_CARRY                                         ;
; AUTO_CASCADE_CHAINS    ; ON         ; AUTO_CASCADE                                         ;
; IGNORE_CASCADE_BUFFERS ; OFF        ; IGNORE_CASCADE                                       ;
; LPM_WIDTH              ; 8          ; Signed Integer                                       ;
; LPM_SIZE               ; 2          ; Signed Integer                                       ;
; LPM_WIDTHS             ; 1          ; Signed Integer                                       ;
; LPM_PIPELINE           ; 0          ; Untyped                                              ;
; CBXI_PARAMETER         ; mux_smc    ; Untyped                                              ;
; DEVICE_FAMILY          ; Cyclone II ; Untyped                                              ;
+------------------------+------------+------------------------------------------------------+
Note: In order to hide this table in the UI and the text report file, please set the "Show Parameter Settings in Synthesis Report" option in "Analysis and Synthesis Settings -> More Settings" to "Off".


+-------------------------------------------------------------------------------------------+
; Parameter Settings for User Entity Instance: mux2to1:MDRSel_mux|lpm_mux:lpm_mux_component ;
+------------------------+------------+-----------------------------------------------------+
; Parameter Name         ; Value      ; Type                                                ;
+------------------------+------------+-----------------------------------------------------+
; AUTO_CARRY_CHAINS      ; ON         ; AUTO_CARRY                                          ;
; IGNORE_CARRY_BUFFERS   ; OFF        ; IGNORE_CARRY                                        ;
; AUTO_CASCADE_CHAINS    ; ON         ; AUTO_CASCADE                                        ;
; IGNORE_CASCADE_BUFFERS ; OFF        ; IGNORE_CASCADE                                      ;
; LPM_WIDTH              ; 8          ; Signed Integer                                      ;
; LPM_SIZE               ; 2          ; Signed Integer                                      ;
; LPM_WIDTHS             ; 1          ; Signed Integer                                      ;
; LPM_PIPELINE           ; 0          ; Untyped                                             ;
; CBXI_PARAMETER         ; mux_smc    ; Untyped                                             ;
; DEVICE_FAMILY          ; Cyclone II ; Untyped                                             ;
+------------------------+------------+-----------------------------------------------------+
Note: In order to hide this table in the UI and the text report file, please set the "Show Parameter Settings in Synthesis Report" option in "Analysis and Synthesis Settings -> More Settings" to "Off".


+---------------------------------------------------------------------------------------+
; Parameter Settings for User Entity Instance: mux2to1:RegMux|lpm_mux:lpm_mux_component ;
+------------------------+------------+-------------------------------------------------+
; Parameter Name         ; Value      ; Type                                            ;
+------------------------+------------+-------------------------------------------------+
; AUTO_CARRY_CHAINS      ; ON         ; AUTO_CARRY                                      ;
; IGNORE_CARRY_BUFFERS   ; OFF        ; IGNORE_CARRY                                    ;
; AUTO_CASCADE_CHAINS    ; ON         ; AUTO_CASCADE                                    ;
; IGNORE_CASCADE_BUFFERS ; OFF        ; IGNORE_CASCADE                                  ;
; LPM_WIDTH              ; 8          ; Signed Integer                                  ;
; LPM_SIZE               ; 2          ; Signed Integer                                  ;
; LPM_WIDTHS             ; 1          ; Signed Integer                                  ;
; LPM_PIPELINE           ; 0          ; Untyped                                         ;
; CBXI_PARAMETER         ; mux_smc    ; Untyped                                         ;
; DEVICE_FAMILY          ; Cyclone II ; Untyped                                         ;
+------------------------+------------+-------------------------------------------------+
Note: In order to hide this table in the UI and the text report file, please set the "Show Parameter Settings in Synthesis Report" option in "Analysis and Synthesis Settings -> More Settings" to "Off".


+-----------------------------------------------------------------------------------------+
; Parameter Settings for User Entity Instance: mux2to1:ALU1_mux|lpm_mux:lpm_mux_component ;
+------------------------+------------+---------------------------------------------------+
; Parameter Name         ; Value      ; Type                                              ;
+------------------------+------------+---------------------------------------------------+
; AUTO_CARRY_CHAINS      ; ON         ; AUTO_CARRY                                        ;
; IGNORE_CARRY_BUFFERS   ; OFF        ; IGNORE_CARRY                                      ;
; AUTO_CASCADE_CHAINS    ; ON         ; AUTO_CASCADE                                      ;
; IGNORE_CASCADE_BUFFERS ; OFF        ; IGNORE_CASCADE                                    ;
; LPM_WIDTH              ; 8          ; Signed Integer                                    ;
; LPM_SIZE               ; 2          ; Signed Integer                                    ;
; LPM_WIDTHS             ; 1          ; Signed Integer                                    ;
; LPM_PIPELINE           ; 0          ; Untyped                                           ;
; CBXI_PARAMETER         ; mux_smc    ; Untyped                                           ;
; DEVICE_FAMILY          ; Cyclone II ; Untyped                                           ;
+------------------------+------------+---------------------------------------------------+
Note: In order to hide this table in the UI and the text report file, please set the "Show Parameter Settings in Synthesis Report" option in "Analysis and Synthesis Settings -> More Settings" to "Off".


+-----------------------------------------------------------------------------------------+
; Parameter Settings for User Entity Instance: mux5to1:ALU2_mux|lpm_mux:lpm_mux_component ;
+------------------------+------------+---------------------------------------------------+
; Parameter Name         ; Value      ; Type                                              ;
+------------------------+------------+---------------------------------------------------+
; AUTO_CARRY_CHAINS      ; ON         ; AUTO_CARRY                                        ;
; IGNORE_CARRY_BUFFERS   ; OFF        ; IGNORE_CARRY                                      ;
; AUTO_CASCADE_CHAINS    ; ON         ; AUTO_CASCADE                                      ;
; IGNORE_CASCADE_BUFFERS ; OFF        ; IGNORE_CASCADE                                    ;
; LPM_WIDTH              ; 8          ; Signed Integer                                    ;
; LPM_SIZE               ; 5          ; Signed Integer                                    ;
; LPM_WIDTHS             ; 3          ; Signed Integer                                    ;
; LPM_PIPELINE           ; 0          ; Untyped                                           ;
; CBXI_PARAMETER         ; mux_1nc    ; Untyped                                           ;
; DEVICE_FAMILY          ; Cyclone II ; Untyped                                           ;
+------------------------+------------+---------------------------------------------------+
Note: In order to hide this table in the UI and the text report file, please set the "Show Parameter Settings in Synthesis Report" option in "Analysis and Synthesis Settings -> More Settings" to "Off".


+----------------------------------------------------------+
; Parameter Settings for User Entity Instance: sExtend:SE4 ;
+----------------+-------+---------------------------------+
; Parameter Name ; Value ; Type                            ;
+----------------+-------+---------------------------------+
; n              ; 4     ; Signed Integer                  ;
+----------------+-------+---------------------------------+
Note: In order to hide this table in the UI and the text report file, please set the "Show Parameter Settings in Synthesis Report" option in "Analysis and Synthesis Settings -> More Settings" to "Off".


+----------------------------------------------------------+
; Parameter Settings for User Entity Instance: zExtend:ZE3 ;
+----------------+-------+---------------------------------+
; Parameter Name ; Value ; Type                            ;
+----------------+-------+---------------------------------+
; n              ; 3     ; Signed Integer                  ;
+----------------+-------+---------------------------------+
Note: In order to hide this table in the UI and the text report file, please set the "Show Parameter Settings in Synthesis Report" option in "Analysis and Synthesis Settings -> More Settings" to "Off".


+----------------------------------------------------------+
; Parameter Settings for User Entity Instance: zExtend:ZE5 ;
+----------------+-------+---------------------------------+
; Parameter Name ; Value ; Type                            ;
+----------------+-------+---------------------------------+
; n              ; 5     ; Signed Integer                  ;
+----------------+-------+---------------------------------+
Note: In order to hide this table in the UI and the text report file, please set the "Show Parameter Settings in Synthesis Report" option in "Analysis and Synthesis Settings -> More Settings" to "Off".


+------------------------------------------------------------------------------------------------------------+
; altsyncram Parameter Settings by Entity Instance                                                           ;
+-------------------------------------------+----------------------------------------------------------------+
; Name                                      ; Value                                                          ;
+-------------------------------------------+----------------------------------------------------------------+
; Number of entity instances                ; 1                                                              ;
; Entity Instance                           ; memory:DataMem|DataMemory:inst|altsyncram:altsyncram_component ;
;     -- OPERATION_MODE                     ; SINGLE_PORT                                                    ;
;     -- WIDTH_A                            ; 8                                                              ;
;     -- NUMWORDS_A                         ; 256                                                            ;
;     -- OUTDATA_REG_A                      ; UNREGISTERED                                                   ;
;     -- WIDTH_B                            ; 1                                                              ;
;     -- NUMWORDS_B                         ; 1                                                              ;
;     -- ADDRESS_REG_B                      ; CLOCK1                                                         ;
;     -- OUTDATA_REG_B                      ; UNREGISTERED                                                   ;
;     -- RAM_BLOCK_TYPE                     ; AUTO                                                           ;
;     -- READ_DURING_WRITE_MODE_MIXED_PORTS ; DONT_CARE                                                      ;
+-------------------------------------------+----------------------------------------------------------------+


+------------------------------------------------+
; Port Connectivity Checks: "mux5to1:ALU2_mux"   ;
+--------------+-------+----------+--------------+
; Port         ; Type  ; Severity ; Details      ;
+--------------+-------+----------+--------------+
; data1x[7..2] ; Input ; Info     ; Stuck at GND ;
+--------------+-------+----------+--------------+


+-----------------------------------------------+
; Port Connectivity Checks: "mux2o1s:R1Sel_mux" ;
+-----------+-------+----------+----------------+
; Port      ; Type  ; Severity ; Details        ;
+-----------+-------+----------+----------------+
; data1x[1] ; Input ; Info     ; Stuck at GND   ;
; data1x[0] ; Input ; Info     ; Stuck at VCC   ;
+-----------+-------+----------+----------------+


+--------------------------------------------------------------------------------------------------------------------------------------+
; Port Connectivity Checks: "FSM:Control"                                                                                              ;
+-------+--------+----------+----------------------------------------------------------------------------------------------------------+
; Port  ; Type   ; Severity ; Details                                                                                                  ;
+-------+--------+----------+----------------------------------------------------------------------------------------------------------+
; state ; Output ; Warning  ; Declared by entity but not connected by instance. Logic that only feeds a dangling port will be removed. ;
+-------+--------+----------+----------------------------------------------------------------------------------------------------------+


+----------------------------------------------------------------------------------------------------------------------------------------------------------------------------------------------------------------+
; Port Connectivity Checks: "HEXs:HEX_display"                                                                                                                                                                   ;
+--------+-------+----------+------------------------------------------------------------------------------------------------------------------------------------------------------------------------------------+
; Port   ; Type  ; Severity ; Details                                                                                                                                                                            ;
+--------+-------+----------+------------------------------------------------------------------------------------------------------------------------------------------------------------------------------------+
; in2    ; Input ; Warning  ; Input port expression (32 bits) is wider than the input port (8 bits) it drives.  The 24 most-significant bit(s) in the expression will be dangling if they have no other fanouts. ;
; in4    ; Input ; Warning  ; Declared by entity but not connected by instance. If a default value exists, it will be used.  Otherwise, the port will be connected to GND.                                       ;
; in5    ; Input ; Warning  ; Declared by entity but not connected by instance. If a default value exists, it will be used.  Otherwise, the port will be connected to GND.                                       ;
; in6    ; Input ; Warning  ; Declared by entity but not connected by instance. If a default value exists, it will be used.  Otherwise, the port will be connected to GND.                                       ;
; select ; Input ; Warning  ; Declared by entity but not connected by instance. If a default value exists, it will be used.  Otherwise, the port will be connected to GND.                                       ;
+--------+-------+----------+------------------------------------------------------------------------------------------------------------------------------------------------------------------------------------+


+-------------------------------+
; Elapsed Time Per Partition    ;
+----------------+--------------+
; Partition Name ; Elapsed Time ;
+----------------+--------------+
; Top            ; 00:00:01     ;
+----------------+--------------+


+-------------------------------+
; Analysis & Synthesis Messages ;
+-------------------------------+
Info: *******************************************************************
Info: Running Quartus II 32-bit Analysis & Synthesis
    Info: Version 12.0 Build 263 08/02/2012 Service Pack 2 SJ Web Edition
    Info: Processing started: Tue Mar 26 12:28:04 2013
Info: Command: quartus_map --read_settings_files=on --write_settings_files=off multicycle -c multicycle
Warning (20028): Parallel compilation is not licensed and has been disabled
Info (12021): Found 1 design units, including 1 entities, in source file multicycle.v
    Info (12023): Found entity 1: multicycle
Info (12021): Found 1 design units, including 1 entities, in source file mux2o1s.v
    Info (12023): Found entity 1: mux2o1s
Info (12021): Found 1 design units, including 1 entities, in source file datamemory.v
    Info (12023): Found entity 1: DataMemory
Info (12021): Found 1 design units, including 1 entities, in source file mux2to1.v
    Info (12023): Found entity 1: mux2to1
Info (12021): Found 1 design units, including 1 entities, in source file mux5to1.v
    Info (12023): Found entity 1: mux5to1
Info (12021): Found 1 design units, including 1 entities, in source file registers.v
    Info (12023): Found entity 1: registers
Info (12021): Found 1 design units, including 1 entities, in source file alu.v
    Info (12023): Found entity 1: ALU
Info (12021): Found 1 design units, including 1 entities, in source file rf.v
    Info (12023): Found entity 1: RF
Info (12021): Found 2 design units, including 2 entities, in source file extend.v
    Info (12023): Found entity 1: zExtend
    Info (12023): Found entity 2: sExtend
Info (12021): Found 3 design units, including 3 entities, in source file hex.v
    Info (12023): Found entity 1: chooseHEXs
    Info (12023): Found entity 2: HEXs
    Info (12023): Found entity 3: HEX
Info (12021): Found 1 design units, including 1 entities, in source file fsm.v
    Info (12023): Found entity 1: FSM
Info (12021): Found 1 design units, including 1 entities, in source file memory.bdf
    Info (12023): Found entity 1: memory
Info (12127): Elaborating entity "multicycle" for the top level hierarchy
Info (12128): Elaborating entity "HEXs" for hierarchy "HEXs:HEX_display"
Info (12128): Elaborating entity "HEX" for hierarchy "HEXs:HEX_display|HEX:hex0"
Info (12128): Elaborating entity "FSM" for hierarchy "FSM:Control"
Info (12128): Elaborating entity "memory" for hierarchy "memory:DataMem"
Info (12128): Elaborating entity "mux2to1" for hierarchy "memory:DataMem|mux2to1:inst3"
Info (12128): Elaborating entity "lpm_mux" for hierarchy "memory:DataMem|mux2to1:inst3|lpm_mux:lpm_mux_component"
Info (12130): Elaborated megafunction instantiation "memory:DataMem|mux2to1:inst3|lpm_mux:lpm_mux_component"
Info (12133): Instantiated megafunction "memory:DataMem|mux2to1:inst3|lpm_mux:lpm_mux_component" with the following parameter:
    Info (12134): Parameter "lpm_size" = "2"
    Info (12134): Parameter "lpm_type" = "LPM_MUX"
    Info (12134): Parameter "lpm_width" = "8"
    Info (12134): Parameter "lpm_widths" = "1"
Info (12021): Found 1 design units, including 1 entities, in source file db/mux_smc.tdf
    Info (12023): Found entity 1: mux_smc
Info (12128): Elaborating entity "mux_smc" for hierarchy "memory:DataMem|mux2to1:inst3|lpm_mux:lpm_mux_component|mux_smc:auto_generated"
Info (12128): Elaborating entity "DataMemory" for hierarchy "memory:DataMem|DataMemory:inst"
Info (12128): Elaborating entity "altsyncram" for hierarchy "memory:DataMem|DataMemory:inst|altsyncram:altsyncram_component"
Info (12130): Elaborated megafunction instantiation "memory:DataMem|DataMemory:inst|altsyncram:altsyncram_component"
Info (12133): Instantiated megafunction "memory:DataMem|DataMemory:inst|altsyncram:altsyncram_component" with the following parameter:
    Info (12134): Parameter "clock_enable_input_a" = "BYPASS"
    Info (12134): Parameter "clock_enable_output_a" = "BYPASS"
    Info (12134): Parameter "init_file" = "mem.mif"
    Info (12134): Parameter "intended_device_family" = "Cyclone II"
    Info (12134): Parameter "lpm_hint" = "ENABLE_RUNTIME_MOD=NO"
    Info (12134): Parameter "lpm_type" = "altsyncram"
    Info (12134): Parameter "numwords_a" = "256"
    Info (12134): Parameter "operation_mode" = "SINGLE_PORT"
    Info (12134): Parameter "outdata_aclr_a" = "NONE"
    Info (12134): Parameter "outdata_reg_a" = "UNREGISTERED"
    Info (12134): Parameter "power_up_uninitialized" = "FALSE"
    Info (12134): Parameter "widthad_a" = "8"
    Info (12134): Parameter "width_a" = "8"
    Info (12134): Parameter "width_byteena_a" = "1"
Info (12021): Found 1 design units, including 1 entities, in source file db/altsyncram_djc1.tdf
    Info (12023): Found entity 1: altsyncram_djc1
Info (12128): Elaborating entity "altsyncram_djc1" for hierarchy "memory:DataMem|DataMemory:inst|altsyncram:altsyncram_component|altsyncram_djc1:auto_generated"
Info (12128): Elaborating entity "ALU" for hierarchy "ALU:ALU"
Info (12128): Elaborating entity "RF" for hierarchy "RF:RF_block"
Info (12128): Elaborating entity "registers" for hierarchy "registers:IR_reg"
Info (12128): Elaborating entity "lpm_ff" for hierarchy "registers:IR_reg|lpm_ff:lpm_ff_component"
Info (12130): Elaborated megafunction instantiation "registers:IR_reg|lpm_ff:lpm_ff_component"
Info (12133): Instantiated megafunction "registers:IR_reg|lpm_ff:lpm_ff_component" with the following parameter:
    Info (12134): Parameter "lpm_fftype" = "DFF"
    Info (12134): Parameter "lpm_type" = "LPM_FF"
    Info (12134): Parameter "lpm_width" = "8"
Info (12128): Elaborating entity "mux2o1s" for hierarchy "mux2o1s:R1Sel_mux"
Info (12128): Elaborating entity "lpm_mux" for hierarchy "mux2o1s:R1Sel_mux|lpm_mux:lpm_mux_component"
Info (12130): Elaborated megafunction instantiation "mux2o1s:R1Sel_mux|lpm_mux:lpm_mux_component"
Info (12133): Instantiated megafunction "mux2o1s:R1Sel_mux|lpm_mux:lpm_mux_component" with the following parameter:
    Info (12134): Parameter "lpm_size" = "2"
    Info (12134): Parameter "lpm_type" = "LPM_MUX"
    Info (12134): Parameter "lpm_width" = "2"
    Info (12134): Parameter "lpm_widths" = "1"
Info (12021): Found 1 design units, including 1 entities, in source file db/mux_mmc.tdf
    Info (12023): Found entity 1: mux_mmc
Info (12128): Elaborating entity "mux_mmc" for hierarchy "mux2o1s:R1Sel_mux|lpm_mux:lpm_mux_component|mux_mmc:auto_generated"
Info (12128): Elaborating entity "mux5to1" for hierarchy "mux5to1:ALU2_mux"
Info (12128): Elaborating entity "lpm_mux" for hierarchy "mux5to1:ALU2_mux|lpm_mux:lpm_mux_component"
Info (12130): Elaborated megafunction instantiation "mux5to1:ALU2_mux|lpm_mux:lpm_mux_component"
Info (12133): Instantiated megafunction "mux5to1:ALU2_mux|lpm_mux:lpm_mux_component" with the following parameter:
    Info (12134): Parameter "lpm_size" = "5"
    Info (12134): Parameter "lpm_type" = "LPM_MUX"
    Info (12134): Parameter "lpm_width" = "8"
    Info (12134): Parameter "lpm_widths" = "3"
Info (12021): Found 1 design units, including 1 entities, in source file db/mux_1nc.tdf
    Info (12023): Found entity 1: mux_1nc
Info (12128): Elaborating entity "mux_1nc" for hierarchy "mux5to1:ALU2_mux|lpm_mux:lpm_mux_component|mux_1nc:auto_generated"
Info (12128): Elaborating entity "sExtend" for hierarchy "sExtend:SE4"
Info (12128): Elaborating entity "zExtend" for hierarchy "zExtend:ZE3"
Info (12128): Elaborating entity "zExtend" for hierarchy "zExtend:ZE5"
Warning (12241): 2 hierarchies have connectivity warnings - see the Connectivity Checks report folder
Warning (13024): Output pins are stuck at VCC or GND
    Warning (13410): Pin "LEDG[2]" is stuck at GND
    Warning (13410): Pin "LEDG[3]" is stuck at GND
    Warning (13410): Pin "LEDG[4]" is stuck at GND
    Warning (13410): Pin "LEDG[5]" is stuck at GND
    Warning (13410): Pin "LEDG[6]" is stuck at GND
Info (16010): Generating hard_block partition "hard_block:auto_generated_inst"
    Info (16011): Adding 0 node(s), including 0 DDIO, 0 PLL, 0 transceiver and 0 LCELL
Warning (21074): Design contains 18 input pin(s) that do not drive logic
    Warning (15610): No output dependent on input pin "SW[0]"
    Warning (15610): No output dependent on input pin "SW[1]"
    Warning (15610): No output dependent on input pin "SW[2]"
    Warning (15610): No output dependent on input pin "SW[3]"
    Warning (15610): No output dependent on input pin "SW[4]"
    Warning (15610): No output dependent on input pin "SW[5]"
    Warning (15610): No output dependent on input pin "SW[6]"
    Warning (15610): No output dependent on input pin "SW[7]"
    Warning (15610): No output dependent on input pin "SW[8]"
    Warning (15610): No output dependent on input pin "SW[9]"
    Warning (15610): No output dependent on input pin "SW[10]"
    Warning (15610): No output dependent on input pin "SW[11]"
    Warning (15610): No output dependent on input pin "SW[12]"
    Warning (15610): No output dependent on input pin "SW[13]"
    Warning (15610): No output dependent on input pin "SW[14]"
    Warning (15610): No output dependent on input pin "SW[15]"
    Warning (15610): No output dependent on input pin "KEY[2]"
    Warning (15610): No output dependent on input pin "KEY[3]"
Info (21057): Implemented 516 device resources after synthesis - the final resource count might be different
    Info (21058): Implemented 22 input pins
    Info (21059): Implemented 82 output pins
    Info (21061): Implemented 404 logic cells
    Info (21064): Implemented 8 RAM segments
Info: Quartus II 32-bit Analysis & Synthesis was successful. 0 errors, 27 warnings
    Info: Peak virtual memory: 337 megabytes
    Info: Processing ended: Tue Mar 26 12:28:07 2013
    Info: Elapsed time: 00:00:03
    Info: Total CPU time (on all processors): 00:00:03


