Flow report for multicycle
Tue Mar 26 12:29:47 2013
Quartus II 32-bit Version 12.0 Build 263 08/02/2012 Service Pack 2 SJ Web Edition


---------------------
; Table of Contents ;
---------------------
  1. Legal Notice
  2. Flow Summary
  3. Flow Settings
  4. Flow Non-Default Global Settings
  5. Flow Elapsed Time
  6. Flow OS Summary
  7. Flow Log



----------------
; Legal Notice ;
----------------
Copyright (C) 1991-2012 Altera Corporation
Your use of Altera Corporation's design tools, logic functions 
and other software and tools, and its AMPP partner logic 
functions, and any output files from any of the foregoing 
(including device programming or simulation files), and any 
associated documentation or information are expressly subject 
to the terms and conditions of the Altera Program License 
Subscription Agreement, Altera MegaCore Function License 
Agreement, or other applicable license agreement, including, 
without limitation, that your use is for the sole purpose of 
programming logic devices manufactured by Altera and sold by 
Altera or its authorized distributors.  Please refer to the 
applicable agreement for further details.



+------------------------------------------------------------------------------------+
; Flow Summary                                                                       ;
+------------------------------------+-----------------------------------------------+
; Flow Status                        ; Successful - Tue Mar 26 12:29:47 2013         ;
; Quartus II 32-bit Version          ; 12.0 Build 263 08/02/2012 SP 2 SJ Web Edition ;
; Revision Name                      ; multicycle                                    ;
; Top-level Entity Name              ; multicycle                                    ;
; Family                             ; Cyclone II                                    ;
; Device                             ; EP2C35F672C6                                  ;
; Timing Models                      ; Final                                         ;
; Total logic elements               ; 362 / 33,216 ( 1 % )                          ;
;     Total combinational functions  ; 339 / 33,216 ( 1 % )                          ;
;     Dedicated logic registers      ; 87 / 33,216 ( < 1 % )                         ;
; Total registers                    ; 87                                            ;
; Total pins                         ; 104 / 475 ( 22 % )                            ;
; Total virtual pins                 ; 0                                             ;
; Total memory bits                  ; 2,048 / 483,840 ( < 1 % )                     ;
; Embedded Multiplier 9-bit elements ; 0 / 70 ( 0 % )                                ;
; Total PLLs                         ; 0 / 4 ( 0 % )                                 ;
+------------------------------------+-----------------------------------------------+


+-----------------------------------------+
; Flow Settings                           ;
+-------------------+---------------------+
; Option            ; Setting             ;
+-------------------+---------------------+
; Start date & time ; 03/26/2013 12:28:05 ;
; Main task         ; Compilation         ;
; Revision Name     ; multicycle          ;
+-------------------+---------------------+


+------------------------------------------------------------------------------------------------------------------+
; Flow Non-Default Global Settings                                                                                 ;
+-------------------------------------+---------------------------------+---------------+-------------+------------+
; Assignment Name                     ; Value                           ; Default Value ; Entity Name ; Section Id ;
+-------------------------------------+---------------------------------+---------------+-------------+------------+
; COMPILER_SIGNATURE_ID               ; 171859733275317.136431528417076 ; --            ; --          ; --         ;
; PARTITION_COLOR                     ; 16764057                        ; --            ; --          ; Top        ;
; PARTITION_FITTER_PRESERVATION_LEVEL ; PLACEMENT_AND_ROUTING           ; --            ; --          ; Top        ;
; PARTITION_NETLIST_TYPE              ; SOURCE                          ; --            ; --          ; Top        ;
+-------------------------------------+---------------------------------+---------------+-------------+------------+


+-------------------------------------------------------------------------------------------------------------------------------+
; Flow Elapsed Time                                                                                                             ;
+---------------------------+--------------+-------------------------+---------------------+------------------------------------+
; Module Name               ; Elapsed Time ; Average Processors Used ; Peak Virtual Memory ; Total CPU Time (on all processors) ;
+---------------------------+--------------+-------------------------+---------------------+------------------------------------+
; Analysis & Synthesis      ; 00:00:03     ; 1.0                     ; 335 MB              ; 00:00:03                           ;
; Fitter                    ; 00:00:10     ; 1.0                     ; 427 MB              ; 00:00:10                           ;
; TimeQuest Timing Analyzer ; 00:00:01     ; 1.0                     ; 295 MB              ; 00:00:01                           ;
; Assembler                 ; 00:00:03     ; 1.0                     ; 326 MB              ; 00:00:03                           ;
; MIF/HEX Update            ; 00:00:01     ; 1.0                     ; 298 MB              ; 00:00:00                           ;
; Assembler                 ; 00:00:03     ; 1.0                     ; 318 MB              ; 00:00:03                           ;
; Total                     ; 00:00:21     ; --                      ; --                  ; 00:00:20                           ;
+---------------------------+--------------+-------------------------+---------------------+------------------------------------+


+----------------------------------------------------------------------------------------+
; Flow OS Summary                                                                        ;
+---------------------------+------------------+-----------+------------+----------------+
; Module Name               ; Machine Hostname ; OS Name   ; OS Version ; Processor type ;
+---------------------------+------------------+-----------+------------+----------------+
; Analysis & Synthesis      ; Bill-T530        ; Windows 7 ; 6.1        ; x86_64         ;
; Fitter                    ; Bill-T530        ; Windows 7 ; 6.1        ; x86_64         ;
; TimeQuest Timing Analyzer ; Bill-T530        ; Windows 7 ; 6.1        ; x86_64         ;
; Assembler                 ; Bill-T530        ; Windows 7 ; 6.1        ; x86_64         ;
; MIF/HEX Update            ; Bill-T530        ; Windows 7 ; 6.1        ; x86_64         ;
; Assembler                 ; Bill-T530        ; Windows 7 ; 6.1        ; x86_64         ;
+---------------------------+------------------+-----------+------------+----------------+


------------
; Flow Log ;
------------
quartus_map --read_settings_files=on --write_settings_files=off multicycle -c multicycle
quartus_fit --read_settings_files=off --write_settings_files=off multicycle -c multicycle
quartus_sta multicycle -c multicycle
quartus_asm --read_settings_files=off --write_settings_files=off multicycle -c multicycle
quartus_cdb multicycle -c multicycle --update_mif
quartus_asm --read_settings_files=on --write_settings_files=off multicycle -c multicycle



